<?xml version="1.0" encoding="UTF-8"?>
<!-- Generated by org.testng.reporters.JUnitReportReporter -->
<testsuite skipped="0" hostname="LAPTOP-3L8LLBTJ" name="com.test.DemoTest" tests="3" failures="0" timestamp="12 Jul 2018 00:26:00 GMT" time="0.039" errors="0">
  <testcase name="div" time="0.021" classname="com.test.DemoTest"/>
  <testcase name="sum" time="0.006" classname="com.test.DemoTest"/>
  <testcase name="sub" time="0.012" classname="com.test.DemoTest"/>
</testsuite> <!-- com.test.DemoTest -->
